14:23:23,856 urllib3.connectionpool DEBUG Starting new HTTP connection (1): parl.ai:80
14:23:23,900 urllib3.connectionpool DEBUG http://parl.ai:80 "GET /downloads/_models/blenderbot2/blenderbot2_400M/model.tgz HTTP/1.1" 301 183
14:23:23,907 urllib3.connectionpool DEBUG Starting new HTTPS connection (1): parl.ai:443
14:23:24,121 urllib3.connectionpool DEBUG https://parl.ai:443 "GET /downloads/_models/blenderbot2/blenderbot2_400M/model.tgz HTTP/1.1" 302 0
14:23:24,154 urllib3.connectionpool DEBUG Starting new HTTPS connection (1): dl.fbaipublicfiles.com:443
14:23:24,617 urllib3.connectionpool DEBUG https://dl.fbaipublicfiles.com:443 "GET /parlai/_models/blenderbot2/blenderbot2_400M/model.tgz HTTP/1.1" 200 2417331586
14:35:27,661 urllib3.connectionpool DEBUG Starting new HTTPS connection (1): dl.fbaipublicfiles.com:443
14:35:27,961 urllib3.connectionpool DEBUG https://dl.fbaipublicfiles.com:443 "GET /fairseq/gpt2_bpe/vocab.bpe HTTP/1.1" 200 None
14:35:28,96 urllib3.connectionpool DEBUG Starting new HTTPS connection (1): dl.fbaipublicfiles.com:443
14:35:28,390 urllib3.connectionpool DEBUG https://dl.fbaipublicfiles.com:443 "GET /fairseq/gpt2_bpe/encoder.json HTTP/1.1" 200 None
14:35:32,649 urllib3.connectionpool DEBUG Starting new HTTPS connection (1): huggingface.co:443
14:35:33,70 urllib3.connectionpool DEBUG https://huggingface.co:443 "GET /api/models/bert-base-uncased HTTP/1.1" 200 929
14:35:33,78 urllib3.connectionpool DEBUG Starting new HTTPS connection (1): huggingface.co:443
14:35:33,466 urllib3.connectionpool DEBUG https://huggingface.co:443 "HEAD /bert-base-uncased/resolve/main/vocab.txt HTTP/1.1" 200 0
14:35:33,474 urllib3.connectionpool DEBUG Starting new HTTPS connection (1): huggingface.co:443
14:35:33,831 urllib3.connectionpool DEBUG https://huggingface.co:443 "HEAD /bert-base-uncased/resolve/main/tokenizer.json HTTP/1.1" 200 0
14:35:33,839 urllib3.connectionpool DEBUG Starting new HTTPS connection (1): huggingface.co:443
14:35:34,185 urllib3.connectionpool DEBUG https://huggingface.co:443 "HEAD /bert-base-uncased/resolve/main/added_tokens.json HTTP/1.1" 404 0
14:35:34,193 urllib3.connectionpool DEBUG Starting new HTTPS connection (1): huggingface.co:443
14:35:34,558 urllib3.connectionpool DEBUG https://huggingface.co:443 "HEAD /bert-base-uncased/resolve/main/special_tokens_map.json HTTP/1.1" 404 0
14:35:34,567 urllib3.connectionpool DEBUG Starting new HTTPS connection (1): huggingface.co:443
14:35:34,924 urllib3.connectionpool DEBUG https://huggingface.co:443 "HEAD /bert-base-uncased/resolve/main/tokenizer_config.json HTTP/1.1" 200 0
14:35:35,30 urllib3.connectionpool DEBUG Starting new HTTPS connection (1): huggingface.co:443
14:35:35,404 urllib3.connectionpool DEBUG https://huggingface.co:443 "HEAD /bert-base-uncased/resolve/main/config.json HTTP/1.1" 200 0
14:35:35,942 urllib3.connectionpool DEBUG Starting new HTTPS connection (1): huggingface.co:443
14:35:36,319 urllib3.connectionpool DEBUG https://huggingface.co:443 "GET /api/models/bert-base-uncased HTTP/1.1" 200 929
14:35:36,327 urllib3.connectionpool DEBUG Starting new HTTPS connection (1): huggingface.co:443
14:35:36,699 urllib3.connectionpool DEBUG https://huggingface.co:443 "HEAD /bert-base-uncased/resolve/main/vocab.txt HTTP/1.1" 200 0
14:35:36,707 urllib3.connectionpool DEBUG Starting new HTTPS connection (1): huggingface.co:443
14:35:37,77 urllib3.connectionpool DEBUG https://huggingface.co:443 "HEAD /bert-base-uncased/resolve/main/tokenizer.json HTTP/1.1" 200 0
14:35:37,85 urllib3.connectionpool DEBUG Starting new HTTPS connection (1): huggingface.co:443
14:35:37,439 urllib3.connectionpool DEBUG https://huggingface.co:443 "HEAD /bert-base-uncased/resolve/main/added_tokens.json HTTP/1.1" 404 0
14:35:37,446 urllib3.connectionpool DEBUG Starting new HTTPS connection (1): huggingface.co:443
14:35:37,816 urllib3.connectionpool DEBUG https://huggingface.co:443 "HEAD /bert-base-uncased/resolve/main/special_tokens_map.json HTTP/1.1" 404 0
14:35:37,824 urllib3.connectionpool DEBUG Starting new HTTPS connection (1): huggingface.co:443
14:35:38,184 urllib3.connectionpool DEBUG https://huggingface.co:443 "HEAD /bert-base-uncased/resolve/main/tokenizer_config.json HTTP/1.1" 200 0
14:35:38,194 urllib3.connectionpool DEBUG Starting new HTTPS connection (1): huggingface.co:443
14:35:38,570 urllib3.connectionpool DEBUG https://huggingface.co:443 "HEAD /bert-base-uncased/resolve/main/config.json HTTP/1.1" 200 0
14:35:38,612 urllib3.connectionpool DEBUG Starting new HTTPS connection (1): huggingface.co:443
14:35:39,14 urllib3.connectionpool DEBUG https://huggingface.co:443 "HEAD /bert-base-uncased/resolve/main/config.json HTTP/1.1" 200 0
14:35:39,53 urllib3.connectionpool DEBUG Starting new HTTP connection (1): parl.ai:80
14:35:39,116 urllib3.connectionpool DEBUG http://parl.ai:80 "GET /downloads/_models/hallucination/bart_rag_token/model.tgz HTTP/1.1" 301 183
14:35:39,123 urllib3.connectionpool DEBUG Starting new HTTPS connection (1): parl.ai:443
14:35:39,366 urllib3.connectionpool DEBUG https://parl.ai:443 "GET /downloads/_models/hallucination/bart_rag_token/model.tgz HTTP/1.1" 302 0
14:35:39,375 urllib3.connectionpool DEBUG Starting new HTTPS connection (1): dl.fbaipublicfiles.com:443
14:35:39,961 urllib3.connectionpool DEBUG https://dl.fbaipublicfiles.com:443 "GET /parlai/_models/hallucination/bart_rag_token/model.tgz HTTP/1.1" 200 949811515
14:38:41,530 urllib3.connectionpool DEBUG Starting new HTTPS connection (1): huggingface.co:443
14:38:41,904 urllib3.connectionpool DEBUG https://huggingface.co:443 "GET /api/models/bert-base-uncased HTTP/1.1" 200 929
14:38:41,912 urllib3.connectionpool DEBUG Starting new HTTPS connection (1): huggingface.co:443
14:38:42,295 urllib3.connectionpool DEBUG https://huggingface.co:443 "HEAD /bert-base-uncased/resolve/main/vocab.txt HTTP/1.1" 200 0
14:38:42,303 urllib3.connectionpool DEBUG Starting new HTTPS connection (1): huggingface.co:443
14:38:42,684 urllib3.connectionpool DEBUG https://huggingface.co:443 "HEAD /bert-base-uncased/resolve/main/tokenizer.json HTTP/1.1" 200 0
14:38:42,692 urllib3.connectionpool DEBUG Starting new HTTPS connection (1): huggingface.co:443
14:38:43,52 urllib3.connectionpool DEBUG https://huggingface.co:443 "HEAD /bert-base-uncased/resolve/main/added_tokens.json HTTP/1.1" 404 0
14:38:43,60 urllib3.connectionpool DEBUG Starting new HTTPS connection (1): huggingface.co:443
14:38:43,420 urllib3.connectionpool DEBUG https://huggingface.co:443 "HEAD /bert-base-uncased/resolve/main/special_tokens_map.json HTTP/1.1" 404 0
14:38:43,428 urllib3.connectionpool DEBUG Starting new HTTPS connection (1): huggingface.co:443
14:38:43,790 urllib3.connectionpool DEBUG https://huggingface.co:443 "HEAD /bert-base-uncased/resolve/main/tokenizer_config.json HTTP/1.1" 200 0
14:38:43,799 urllib3.connectionpool DEBUG Starting new HTTPS connection (1): huggingface.co:443
14:38:44,149 urllib3.connectionpool DEBUG https://huggingface.co:443 "HEAD /bert-base-uncased/resolve/main/config.json HTTP/1.1" 200 0
14:38:44,189 urllib3.connectionpool DEBUG Starting new HTTPS connection (1): huggingface.co:443
14:38:44,544 urllib3.connectionpool DEBUG https://huggingface.co:443 "HEAD /bert-base-uncased/resolve/main/config.json HTTP/1.1" 200 0
14:38:45,825 urllib3.connectionpool DEBUG Starting new HTTPS connection (1): huggingface.co:443
14:38:46,198 urllib3.connectionpool DEBUG https://huggingface.co:443 "HEAD /bert-base-uncased/resolve/main/config.json HTTP/1.1" 200 0
14:38:46,211 urllib3.connectionpool DEBUG Starting new HTTPS connection (1): dl.fbaipublicfiles.com:443
14:38:46,833 urllib3.connectionpool DEBUG https://dl.fbaipublicfiles.com:443 "GET /dpr/checkpoint/retriver/multiset/hf_bert_base.cp HTTP/1.1" 200 875965155
14:42:19,794 urllib3.connectionpool DEBUG Starting new HTTPS connection (1): huggingface.co:443
14:42:20,164 urllib3.connectionpool DEBUG https://huggingface.co:443 "HEAD /bert-base-uncased/resolve/main/config.json HTTP/1.1" 200 0
14:42:20,175 urllib3.connectionpool DEBUG Starting new HTTPS connection (1): huggingface.co:443
14:42:20,543 urllib3.connectionpool DEBUG https://huggingface.co:443 "HEAD /bert-base-uncased/resolve/main/pytorch_model.bin HTTP/1.1" 302 0
14:42:24,183 urllib3.connectionpool DEBUG Starting new HTTPS connection (1): huggingface.co:443
14:42:24,563 urllib3.connectionpool DEBUG https://huggingface.co:443 "GET /api/models/bert-base-uncased HTTP/1.1" 200 929
14:42:24,571 urllib3.connectionpool DEBUG Starting new HTTPS connection (1): huggingface.co:443
14:42:24,954 urllib3.connectionpool DEBUG https://huggingface.co:443 "HEAD /bert-base-uncased/resolve/main/vocab.txt HTTP/1.1" 200 0
14:42:24,962 urllib3.connectionpool DEBUG Starting new HTTPS connection (1): huggingface.co:443
14:42:25,334 urllib3.connectionpool DEBUG https://huggingface.co:443 "HEAD /bert-base-uncased/resolve/main/tokenizer.json HTTP/1.1" 200 0
14:42:25,342 urllib3.connectionpool DEBUG Starting new HTTPS connection (1): huggingface.co:443
14:42:25,705 urllib3.connectionpool DEBUG https://huggingface.co:443 "HEAD /bert-base-uncased/resolve/main/added_tokens.json HTTP/1.1" 404 0
14:42:25,712 urllib3.connectionpool DEBUG Starting new HTTPS connection (1): huggingface.co:443
14:42:26,84 urllib3.connectionpool DEBUG https://huggingface.co:443 "HEAD /bert-base-uncased/resolve/main/special_tokens_map.json HTTP/1.1" 404 0
14:42:26,92 urllib3.connectionpool DEBUG Starting new HTTPS connection (1): huggingface.co:443
14:42:26,446 urllib3.connectionpool DEBUG https://huggingface.co:443 "HEAD /bert-base-uncased/resolve/main/tokenizer_config.json HTTP/1.1" 200 0
14:42:26,456 urllib3.connectionpool DEBUG Starting new HTTPS connection (1): huggingface.co:443
14:42:26,811 urllib3.connectionpool DEBUG https://huggingface.co:443 "HEAD /bert-base-uncased/resolve/main/config.json HTTP/1.1" 200 0
14:42:26,905 urllib3.connectionpool DEBUG Starting new HTTP connection (1): parl.ai:80
14:42:26,969 urllib3.connectionpool DEBUG http://parl.ai:80 "GET /downloads/_models/blenderbot2/query_generator/model.tgz HTTP/1.1" 301 183
14:42:26,975 urllib3.connectionpool DEBUG Starting new HTTPS connection (1): parl.ai:443
14:42:27,279 urllib3.connectionpool DEBUG https://parl.ai:443 "GET /downloads/_models/blenderbot2/query_generator/model.tgz HTTP/1.1" 302 0
14:42:27,314 urllib3.connectionpool DEBUG Starting new HTTPS connection (1): dl.fbaipublicfiles.com:443
14:42:27,702 urllib3.connectionpool DEBUG https://dl.fbaipublicfiles.com:443 "GET /parlai/_models/blenderbot2/query_generator/model.tgz HTTP/1.1" 200 750035591
14:44:19,366 urllib3.connectionpool DEBUG Starting new HTTP connection (1): parl.ai:80
14:44:19,415 urllib3.connectionpool DEBUG http://parl.ai:80 "GET /downloads/_models/blenderbot2/memory_decoder/model.tgz HTTP/1.1" 301 183
14:44:19,422 urllib3.connectionpool DEBUG Starting new HTTPS connection (1): parl.ai:443
14:44:19,599 urllib3.connectionpool DEBUG https://parl.ai:443 "GET /downloads/_models/blenderbot2/memory_decoder/model.tgz HTTP/1.1" 302 0
14:44:19,608 urllib3.connectionpool DEBUG Starting new HTTPS connection (1): dl.fbaipublicfiles.com:443
14:44:19,979 urllib3.connectionpool DEBUG https://dl.fbaipublicfiles.com:443 "GET /parlai/_models/blenderbot2/memory_decoder/model.tgz HTTP/1.1" 200 750060135
14:46:26,605 urllib3.connectionpool DEBUG Starting new HTTP connection (1): dl.fbaipublicfiles.com:80
14:46:26,886 urllib3.connectionpool DEBUG http://dl.fbaipublicfiles.com:80 "GET /fairseq/models/bart.large.tar.gz HTTP/1.1" 200 3699866548
15:00:14,890 git.cmd DEBUG Popen(['git', 'rev-parse', 'HEAD'], cwd=/Users/mashagorkovenko/Documents/squarerootpi/aicoach/model/blenderbot2-server, universal_newlines=False, shell=None, istream=None)
15:00:14,995 git.cmd DEBUG Popen(['git', 'rev-parse', 'HEAD'], cwd=/Users/mashagorkovenko/Documents/squarerootpi/aicoach/model/blenderbot2-server/parlai_internal, universal_newlines=False, shell=None, istream=None)
15:00:15,3 git.cmd DEBUG Popen(['git', 'rev-parse', 'HEAD'], cwd=/Users/mashagorkovenko/Documents/squarerootpi/aicoach/model/blenderbot2-server/parlai_fb, universal_newlines=False, shell=None, istream=None)
15:15:26,467 tornado.general INFO Malformed HTTP message from ::1: no colon in header line
